  InitGLEW.cpp
d:\users\benji\documents\cours\m2\imagerie3d\project\engine\core\init\initglew.h(3): fatal error C1083: Impossible d'ouvrir le fichier include : 'glew/glew.h' : No such file or directory
  InitGLUT.cpp
d:\users\benji\documents\cours\m2\imagerie3d\project\engine\core\init\framebufferinfo.h(2): fatal error C1083: Impossible d'ouvrir le fichier include : 'glew/glew.h' : No such file or directory
  MEngine.cpp
d:\users\benji\documents\cours\m2\imagerie3d\project\engine\core\init\framebufferinfo.h(2): fatal error C1083: Impossible d'ouvrir le fichier include : 'glew/glew.h' : No such file or directory
  ShaderManager.cpp
d:\users\benji\documents\cours\m2\imagerie3d\project\engine\managers\shadermanager.h(6): fatal error C1083: Impossible d'ouvrir le fichier include : 'glew/glew.h' : No such file or directory
  SceneManager.cpp
d:\users\benji\documents\cours\m2\imagerie3d\project\engine\managers\shadermanager.h(6): fatal error C1083: Impossible d'ouvrir le fichier include : 'glew/glew.h' : No such file or directory
  ModelsManager.cpp
d:\users\benji\documents\cours\m2\imagerie3d\project\engine\managers\shadermanager.h(6): fatal error C1083: Impossible d'ouvrir le fichier include : 'glew/glew.h' : No such file or directory
  Camera.cpp
d:\users\benji\documents\cours\m2\imagerie3d\project\engine\rendering\camera.h(3): fatal error C1083: Impossible d'ouvrir le fichier include : 'freeglut/freeglut.h' : No such file or directory
  Quad.cpp
d:\users\benji\documents\cours\m2\imagerie3d\project\engine\rendering\igameobject.h(4): fatal error C1083: Impossible d'ouvrir le fichier include : 'glew/glew.h' : No such file or directory
  Model.cpp
d:\users\benji\documents\cours\m2\imagerie3d\project\engine\rendering\igameobject.h(4): fatal error C1083: Impossible d'ouvrir le fichier include : 'glew/glew.h' : No such file or directory
  Triangle.cpp
d:\users\benji\documents\cours\m2\imagerie3d\project\engine\rendering\igameobject.h(4): fatal error C1083: Impossible d'ouvrir le fichier include : 'glew/glew.h' : No such file or directory
  TextureLoader.cpp
d:\users\benji\documents\cours\m2\imagerie3d\project\engine\rendering\texture\textureloader.h(2): fatal error C1083: Impossible d'ouvrir le fichier include : 'glew\glew.h' : No such file or directory
  Génération de code en cours...
