d:\users\benji\documents\cours\m2\imagerie3d\project\projet1\x64\debug\vc141.pdb
d:\users\benji\documents\cours\m2\imagerie3d\project\projet1\x64\debug\vc141.idb
d:\users\benji\documents\cours\m2\imagerie3d\project\projet1\x64\debug\main.obj
d:\users\benji\documents\cours\m2\imagerie3d\project\projet1\x64\debug\cube2.obj
d:\users\benji\documents\cours\m2\imagerie3d\project\projet1\x64\debug\cube.obj
d:\users\benji\documents\cours\m2\imagerie3d\project\projet1\x64\debug\chunk2.obj
d:\users\benji\documents\cours\m2\imagerie3d\project\projet1\x64\debug\chunk.obj
d:\users\benji\documents\cours\m2\imagerie3d\project\projet1\x64\debug\block.obj
d:\users\benji\documents\cours\m2\imagerie3d\project\projet1\x64\debug\camera.obj
d:\users\benji\documents\cours\m2\imagerie3d\project\x64\debug\projet1.pdb
d:\users\benji\documents\cours\m2\imagerie3d\project\projet1\x64\debug\projet1.tlog\cl.command.1.tlog
d:\users\benji\documents\cours\m2\imagerie3d\project\projet1\x64\debug\projet1.tlog\cl.read.1.tlog
d:\users\benji\documents\cours\m2\imagerie3d\project\projet1\x64\debug\projet1.tlog\cl.write.1.tlog
d:\users\benji\documents\cours\m2\imagerie3d\project\projet1\x64\debug\projet1.tlog\link.4388-cvtres.read.1.tlog
d:\users\benji\documents\cours\m2\imagerie3d\project\projet1\x64\debug\projet1.tlog\link.4388-cvtres.write.1.tlog
d:\users\benji\documents\cours\m2\imagerie3d\project\projet1\x64\debug\projet1.tlog\link.4388-rc.read.1.tlog
d:\users\benji\documents\cours\m2\imagerie3d\project\projet1\x64\debug\projet1.tlog\link.4388-rc.write.1.tlog
d:\users\benji\documents\cours\m2\imagerie3d\project\projet1\x64\debug\projet1.tlog\link.4388.read.1.tlog
d:\users\benji\documents\cours\m2\imagerie3d\project\projet1\x64\debug\projet1.tlog\link.4388.write.1.tlog
d:\users\benji\documents\cours\m2\imagerie3d\project\projet1\x64\debug\projet1.tlog\link.command.1.tlog
d:\users\benji\documents\cours\m2\imagerie3d\project\projet1\x64\debug\projet1.tlog\link.read.1.tlog
d:\users\benji\documents\cours\m2\imagerie3d\project\projet1\x64\debug\projet1.tlog\link.write.1.tlog
