  Chunk2.cpp
d:\users\benji\documents\cours\m2\imagerie3d\project\projet1\chunk2.cpp(40): warning C4244: 'argument' : conversion de 'int' en 'float', perte possible de données
d:\users\benji\documents\cours\m2\imagerie3d\project\projet1\chunk2.cpp(115): warning C4244: 'initialisation' : conversion de 'T' en 'int', perte possible de données
          with
          [
              T=float
          ]
d:\users\benji\documents\cours\m2\imagerie3d\project\projet1\chunk2.cpp(116): warning C4244: 'initialisation' : conversion de 'T' en 'int', perte possible de données
          with
          [
              T=float
          ]
d:\users\benji\documents\cours\m2\imagerie3d\project\projet1\chunk2.cpp(117): warning C4244: 'initialisation' : conversion de 'T' en 'int', perte possible de données
          with
          [
              T=float
          ]
d:\users\benji\documents\cours\m2\imagerie3d\project\projet1\chunk2.cpp(118): warning C4244: 'initialisation' : conversion de 'T' en 'int', perte possible de données
          with
          [
              T=float
          ]
d:\users\benji\documents\cours\m2\imagerie3d\project\projet1\chunk2.cpp(125): warning C4244: 'argument' : conversion de 'int' en 'float', perte possible de données
  GenerateMap.cpp
  Goal.cpp
  main.cpp
d:\users\benji\documents\cours\m2\imagerie3d\project\projet1\main.cpp(14): warning C4244: 'argument' : conversion de 'time_t' en 'unsigned int', perte possible de données
  Génération de code en cours...
  Projet1.vcxproj -> D:\Users\Benji\Documents\cours\M2\Imagerie3D\Project\x64\Debug\Projet1.exe
