C:\Program Files (x86)\Microsoft Visual Studio\2017\Professional\Common7\IDE\VC\VCTargets\Microsoft.CppBuild.targets(391,5): warning MSB8028: Le répertoire intermédiaire (x64\Debug\) contient des fichiers partagés provenant d'un autre projet (Project.vcxproj). Cela peut entraîner un comportement de nettoyage et de régénération incorrect.
  Collision.cpp
  Camera.cpp
d:\users\benji\documents\cours\m2\imagerie3d\project\engine\rendering\camera.cpp(33): warning C4244: 'initialisation' : conversion de 'double' en 'float', perte possible de données
d:\users\benji\documents\cours\m2\imagerie3d\project\engine\rendering\camera.cpp(183): warning C4244: '=' : conversion de 'int' en 'T', perte possible de données
          with
          [
              T=float
          ]
d:\users\benji\documents\cours\m2\imagerie3d\project\engine\rendering\camera.cpp(184): warning C4244: '=' : conversion de 'int' en 'T', perte possible de données
          with
          [
              T=float
          ]
  Génération de code en cours...
freeglut.lib(freeglutd.dll) : warning LNK4006: __NULL_IMPORT_DESCRIPTOR dÚjÓ dÚfini dans opengl32.lib(OPENGL32.dll)á; seconde dÚfinition ignorÚe
freeglut.lib(freeglutd.dll) : warning LNK4221: Ce fichier objet ne dÚfinit pas de symboles publics jusqu'ici non dÚfinis. Par consÚquent, il ne sera utilisÚ par aucune opÚration de lien utilisant cette bibliothÞque
glew32.lib(glew32.dll) : warning LNK4006: __NULL_IMPORT_DESCRIPTOR dÚjÓ dÚfini dans opengl32.lib(OPENGL32.dll)á; seconde dÚfinition ignorÚe
glew32.lib(glew32.dll) : warning LNK4221: Ce fichier objet ne dÚfinit pas de symboles publics jusqu'ici non dÚfinis. Par consÚquent, il ne sera utilisÚ par aucune opÚration de lien utilisant cette bibliothÞque
  Engine.vcxproj -> D:\Users\Benji\Documents\cours\M2\Imagerie3D\Project\x64\Debug\Engine.lib
