c:\users\simps\documents\cours\imagerie3d\projet\project\project\x64\debug\vc141.pdb
c:\users\simps\documents\cours\imagerie3d\projet\project\project\x64\debug\vc141.idb
c:\users\simps\documents\cours\imagerie3d\projet\project\project\x64\debug\main.obj
c:\users\simps\documents\cours\imagerie3d\projet\project\project\x64\debug\chunk.obj
c:\users\simps\documents\cours\imagerie3d\projet\project\project\x64\debug\block.obj
c:\users\simps\documents\cours\imagerie3d\projet\project\project\x64\debug\shaderloader.obj
c:\users\simps\documents\cours\imagerie3d\projet\project\project\x64\debug\gamemodels.obj
c:\users\simps\documents\cours\imagerie3d\projet\project\project\x64\debug\shadermanager.obj
c:\users\simps\documents\cours\imagerie3d\projet\project\project\x64\debug\initglew.obj
c:\users\simps\documents\cours\imagerie3d\projet\project\project\x64\debug\initglut.obj
c:\users\simps\documents\cours\imagerie3d\projet\project\x64\debug\project.exe
c:\users\simps\documents\cours\imagerie3d\projet\project\x64\debug\project.ilk
c:\users\simps\documents\cours\imagerie3d\projet\project\x64\debug\project.pdb
c:\users\simps\documents\cours\imagerie3d\projet\project\project\x64\debug\project.tlog\cl.command.1.tlog
c:\users\simps\documents\cours\imagerie3d\projet\project\project\x64\debug\project.tlog\cl.read.1.tlog
c:\users\simps\documents\cours\imagerie3d\projet\project\project\x64\debug\project.tlog\cl.write.1.tlog
c:\users\simps\documents\cours\imagerie3d\projet\project\project\x64\debug\project.tlog\link.10084-cvtres.read.1.tlog
c:\users\simps\documents\cours\imagerie3d\projet\project\project\x64\debug\project.tlog\link.10084-cvtres.write.1.tlog
c:\users\simps\documents\cours\imagerie3d\projet\project\project\x64\debug\project.tlog\link.10084-rc.read.1.tlog
c:\users\simps\documents\cours\imagerie3d\projet\project\project\x64\debug\project.tlog\link.10084-rc.write.1.tlog
c:\users\simps\documents\cours\imagerie3d\projet\project\project\x64\debug\project.tlog\link.10084.read.1.tlog
c:\users\simps\documents\cours\imagerie3d\projet\project\project\x64\debug\project.tlog\link.10084.write.1.tlog
c:\users\simps\documents\cours\imagerie3d\projet\project\project\x64\debug\project.tlog\link.command.1.tlog
c:\users\simps\documents\cours\imagerie3d\projet\project\project\x64\debug\project.tlog\link.read.1.tlog
c:\users\simps\documents\cours\imagerie3d\projet\project\project\x64\debug\project.tlog\link.write.1.tlog
